CRITICAL - 2022-06-23 05:08:38 --> Undefined variable: q
#0 C:\xampp\htdocs\Lab11Web\lab11_php_ci\ci4\app\Views\artikel\admin_index.php(4): CodeIgniter\Debug\Exceptions->errorHandler(8, 'Undefined varia...', 'C:\\xampp\\htdocs...', 4, Array)
#1 C:\xampp\htdocs\Lab11Web\lab11_php_ci\ci4\system\View\View.php(210): include('C:\\xampp\\htdocs...')
#2 C:\xampp\htdocs\Lab11Web\lab11_php_ci\ci4\system\View\View.php(213): CodeIgniter\View\View->CodeIgniter\View\{closure}()
#3 C:\xampp\htdocs\Lab11Web\lab11_php_ci\ci4\system\Common.php(1089): CodeIgniter\View\View->render('artikel/admin_i...', Array, true)
#4 C:\xampp\htdocs\Lab11Web\lab11_php_ci\ci4\app\Controllers\artikel.php(42): view('artikel/admin_i...', Array)
#5 C:\xampp\htdocs\Lab11Web\lab11_php_ci\ci4\system\CodeIgniter.php(832): App\Controllers\Artikel->admin_index()
#6 C:\xampp\htdocs\Lab11Web\lab11_php_ci\ci4\system\CodeIgniter.php(419): CodeIgniter\CodeIgniter->runController(Object(App\Controllers\Artikel))
#7 C:\xampp\htdocs\Lab11Web\lab11_php_ci\ci4\system\CodeIgniter.php(326): CodeIgniter\CodeIgniter->handleRequest(NULL, Object(Config\Cache), false)
#8 C:\xampp\htdocs\Lab11Web\lab11_php_ci\ci4\public\index.php(37): CodeIgniter\CodeIgniter->run()
#9 C:\xampp\htdocs\Lab11Web\lab11_php_ci\ci4\system\Commands\Server\rewrite.php(43): require_once('C:\\xampp\\htdocs...')
#10 {main}
CRITICAL - 2022-06-23 05:08:43 --> Undefined variable: q
#0 C:\xampp\htdocs\Lab11Web\lab11_php_ci\ci4\app\Views\artikel\admin_index.php(4): CodeIgniter\Debug\Exceptions->errorHandler(8, 'Undefined varia...', 'C:\\xampp\\htdocs...', 4, Array)
#1 C:\xampp\htdocs\Lab11Web\lab11_php_ci\ci4\system\View\View.php(210): include('C:\\xampp\\htdocs...')
#2 C:\xampp\htdocs\Lab11Web\lab11_php_ci\ci4\system\View\View.php(213): CodeIgniter\View\View->CodeIgniter\View\{closure}()
#3 C:\xampp\htdocs\Lab11Web\lab11_php_ci\ci4\system\Common.php(1089): CodeIgniter\View\View->render('artikel/admin_i...', Array, true)
#4 C:\xampp\htdocs\Lab11Web\lab11_php_ci\ci4\app\Controllers\artikel.php(42): view('artikel/admin_i...', Array)
#5 C:\xampp\htdocs\Lab11Web\lab11_php_ci\ci4\system\CodeIgniter.php(832): App\Controllers\Artikel->admin_index()
#6 C:\xampp\htdocs\Lab11Web\lab11_php_ci\ci4\system\CodeIgniter.php(419): CodeIgniter\CodeIgniter->runController(Object(App\Controllers\Artikel))
#7 C:\xampp\htdocs\Lab11Web\lab11_php_ci\ci4\system\CodeIgniter.php(326): CodeIgniter\CodeIgniter->handleRequest(NULL, Object(Config\Cache), false)
#8 C:\xampp\htdocs\Lab11Web\lab11_php_ci\ci4\public\index.php(37): CodeIgniter\CodeIgniter->run()
#9 C:\xampp\htdocs\Lab11Web\lab11_php_ci\ci4\system\Commands\Server\rewrite.php(43): require_once('C:\\xampp\\htdocs...')
#10 {main}
CRITICAL - 2022-06-23 05:08:46 --> Undefined variable: q
#0 C:\xampp\htdocs\Lab11Web\lab11_php_ci\ci4\app\Views\artikel\admin_index.php(4): CodeIgniter\Debug\Exceptions->errorHandler(8, 'Undefined varia...', 'C:\\xampp\\htdocs...', 4, Array)
#1 C:\xampp\htdocs\Lab11Web\lab11_php_ci\ci4\system\View\View.php(210): include('C:\\xampp\\htdocs...')
#2 C:\xampp\htdocs\Lab11Web\lab11_php_ci\ci4\system\View\View.php(213): CodeIgniter\View\View->CodeIgniter\View\{closure}()
#3 C:\xampp\htdocs\Lab11Web\lab11_php_ci\ci4\system\Common.php(1089): CodeIgniter\View\View->render('artikel/admin_i...', Array, true)
#4 C:\xampp\htdocs\Lab11Web\lab11_php_ci\ci4\app\Controllers\artikel.php(42): view('artikel/admin_i...', Array)
#5 C:\xampp\htdocs\Lab11Web\lab11_php_ci\ci4\system\CodeIgniter.php(832): App\Controllers\Artikel->admin_index()
#6 C:\xampp\htdocs\Lab11Web\lab11_php_ci\ci4\system\CodeIgniter.php(419): CodeIgniter\CodeIgniter->runController(Object(App\Controllers\Artikel))
#7 C:\xampp\htdocs\Lab11Web\lab11_php_ci\ci4\system\CodeIgniter.php(326): CodeIgniter\CodeIgniter->handleRequest(NULL, Object(Config\Cache), false)
#8 C:\xampp\htdocs\Lab11Web\lab11_php_ci\ci4\public\index.php(37): CodeIgniter\CodeIgniter->run()
#9 C:\xampp\htdocs\Lab11Web\lab11_php_ci\ci4\system\Commands\Server\rewrite.php(43): require_once('C:\\xampp\\htdocs...')
#10 {main}
