CRITICAL - 2022-06-21 00:05:12 --> Invalid file: user/login.php
#0 C:\xampp\htdocs\Lab11Web\lab11_php_ci\ci4\system\View\View.php(198): CodeIgniter\Exceptions\FrameworkException::forInvalidFile('user/login.php')
#1 C:\xampp\htdocs\Lab11Web\lab11_php_ci\ci4\system\Common.php(1089): CodeIgniter\View\View->render('user/login', Array, true)
#2 C:\xampp\htdocs\Lab11Web\lab11_php_ci\ci4\app\Controllers\user.php(20): view('user/login')
#3 C:\xampp\htdocs\Lab11Web\lab11_php_ci\ci4\system\CodeIgniter.php(832): App\Controllers\User->login()
#4 C:\xampp\htdocs\Lab11Web\lab11_php_ci\ci4\system\CodeIgniter.php(419): CodeIgniter\CodeIgniter->runController(Object(App\Controllers\User))
#5 C:\xampp\htdocs\Lab11Web\lab11_php_ci\ci4\system\CodeIgniter.php(326): CodeIgniter\CodeIgniter->handleRequest(NULL, Object(Config\Cache), false)
#6 C:\xampp\htdocs\Lab11Web\lab11_php_ci\ci4\public\index.php(37): CodeIgniter\CodeIgniter->run()
#7 C:\xampp\htdocs\Lab11Web\lab11_php_ci\ci4\system\Commands\Server\rewrite.php(43): require_once('C:\\xampp\\htdocs...')
#8 {main}
CRITICAL - 2022-06-21 00:06:22 --> syntax error, unexpected end of file, expecting '{'
#0 C:\xampp\htdocs\Lab11Web\lab11_php_ci\ci4\system\Router\Router.php(175): CodeIgniter\Router\Router->autoRoute('user/login')
#1 C:\xampp\htdocs\Lab11Web\lab11_php_ci\ci4\system\CodeIgniter.php(726): CodeIgniter\Router\Router->handle('user/login')
#2 C:\xampp\htdocs\Lab11Web\lab11_php_ci\ci4\system\CodeIgniter.php(368): CodeIgniter\CodeIgniter->tryToRouteIt(Object(CodeIgniter\Router\RouteCollection))
#3 C:\xampp\htdocs\Lab11Web\lab11_php_ci\ci4\system\CodeIgniter.php(326): CodeIgniter\CodeIgniter->handleRequest(NULL, Object(Config\Cache), false)
#4 C:\xampp\htdocs\Lab11Web\lab11_php_ci\ci4\public\index.php(37): CodeIgniter\CodeIgniter->run()
#5 C:\xampp\htdocs\Lab11Web\lab11_php_ci\ci4\system\Commands\Server\rewrite.php(43): require_once('C:\\xampp\\htdocs...')
#6 {main}
CRITICAL - 2022-06-21 00:07:37 --> Invalid file: user/login.php
#0 C:\xampp\htdocs\Lab11Web\lab11_php_ci\ci4\system\View\View.php(198): CodeIgniter\Exceptions\FrameworkException::forInvalidFile('user/login.php')
#1 C:\xampp\htdocs\Lab11Web\lab11_php_ci\ci4\system\Common.php(1089): CodeIgniter\View\View->render('user/login', Array, true)
#2 C:\xampp\htdocs\Lab11Web\lab11_php_ci\ci4\app\Controllers\user.php(20): view('user/login')
#3 C:\xampp\htdocs\Lab11Web\lab11_php_ci\ci4\system\CodeIgniter.php(832): App\Controllers\User->login()
#4 C:\xampp\htdocs\Lab11Web\lab11_php_ci\ci4\system\CodeIgniter.php(419): CodeIgniter\CodeIgniter->runController(Object(App\Controllers\User))
#5 C:\xampp\htdocs\Lab11Web\lab11_php_ci\ci4\system\CodeIgniter.php(326): CodeIgniter\CodeIgniter->handleRequest(NULL, Object(Config\Cache), false)
#6 C:\xampp\htdocs\Lab11Web\lab11_php_ci\ci4\public\index.php(37): CodeIgniter\CodeIgniter->run()
#7 C:\xampp\htdocs\Lab11Web\lab11_php_ci\ci4\system\Commands\Server\rewrite.php(43): require_once('C:\\xampp\\htdocs...')
#8 {main}
CRITICAL - 2022-06-21 00:19:20 --> Invalid file: user/login.php
#0 C:\xampp\htdocs\Lab11Web\lab11_php_ci\ci4\system\View\View.php(198): CodeIgniter\Exceptions\FrameworkException::forInvalidFile('user/login.php')
#1 C:\xampp\htdocs\Lab11Web\lab11_php_ci\ci4\system\Common.php(1089): CodeIgniter\View\View->render('user/login', Array, true)
#2 C:\xampp\htdocs\Lab11Web\lab11_php_ci\ci4\app\Controllers\user.php(20): view('user/login')
#3 C:\xampp\htdocs\Lab11Web\lab11_php_ci\ci4\system\CodeIgniter.php(832): App\Controllers\User->login()
#4 C:\xampp\htdocs\Lab11Web\lab11_php_ci\ci4\system\CodeIgniter.php(419): CodeIgniter\CodeIgniter->runController(Object(App\Controllers\User))
#5 C:\xampp\htdocs\Lab11Web\lab11_php_ci\ci4\system\CodeIgniter.php(326): CodeIgniter\CodeIgniter->handleRequest(NULL, Object(Config\Cache), false)
#6 C:\xampp\htdocs\Lab11Web\lab11_php_ci\ci4\public\index.php(37): CodeIgniter\CodeIgniter->run()
#7 C:\xampp\htdocs\Lab11Web\lab11_php_ci\ci4\system\Commands\Server\rewrite.php(43): require_once('C:\\xampp\\htdocs...')
#8 {main}
CRITICAL - 2022-06-21 00:19:22 --> Invalid file: user/login.php
#0 C:\xampp\htdocs\Lab11Web\lab11_php_ci\ci4\system\View\View.php(198): CodeIgniter\Exceptions\FrameworkException::forInvalidFile('user/login.php')
#1 C:\xampp\htdocs\Lab11Web\lab11_php_ci\ci4\system\Common.php(1089): CodeIgniter\View\View->render('user/login', Array, true)
#2 C:\xampp\htdocs\Lab11Web\lab11_php_ci\ci4\app\Controllers\user.php(20): view('user/login')
#3 C:\xampp\htdocs\Lab11Web\lab11_php_ci\ci4\system\CodeIgniter.php(832): App\Controllers\User->login()
#4 C:\xampp\htdocs\Lab11Web\lab11_php_ci\ci4\system\CodeIgniter.php(419): CodeIgniter\CodeIgniter->runController(Object(App\Controllers\User))
#5 C:\xampp\htdocs\Lab11Web\lab11_php_ci\ci4\system\CodeIgniter.php(326): CodeIgniter\CodeIgniter->handleRequest(NULL, Object(Config\Cache), false)
#6 C:\xampp\htdocs\Lab11Web\lab11_php_ci\ci4\public\index.php(37): CodeIgniter\CodeIgniter->run()
#7 C:\xampp\htdocs\Lab11Web\lab11_php_ci\ci4\system\Commands\Server\rewrite.php(43): require_once('C:\\xampp\\htdocs...')
#8 {main}
CRITICAL - 2022-06-21 00:23:28 --> Invalid file: user/login.php
#0 C:\xampp\htdocs\Lab11Web\lab11_php_ci\ci4\system\View\View.php(198): CodeIgniter\Exceptions\FrameworkException::forInvalidFile('user/login.php')
#1 C:\xampp\htdocs\Lab11Web\lab11_php_ci\ci4\system\Common.php(1089): CodeIgniter\View\View->render('user/login', Array, true)
#2 C:\xampp\htdocs\Lab11Web\lab11_php_ci\ci4\app\Controllers\user.php(24): view('user/login')
#3 C:\xampp\htdocs\Lab11Web\lab11_php_ci\ci4\system\CodeIgniter.php(832): App\Controllers\User->login()
#4 C:\xampp\htdocs\Lab11Web\lab11_php_ci\ci4\system\CodeIgniter.php(419): CodeIgniter\CodeIgniter->runController(Object(App\Controllers\User))
#5 C:\xampp\htdocs\Lab11Web\lab11_php_ci\ci4\system\CodeIgniter.php(326): CodeIgniter\CodeIgniter->handleRequest(NULL, Object(Config\Cache), false)
#6 C:\xampp\htdocs\Lab11Web\lab11_php_ci\ci4\public\index.php(37): CodeIgniter\CodeIgniter->run()
#7 C:\xampp\htdocs\Lab11Web\lab11_php_ci\ci4\system\Commands\Server\rewrite.php(43): require_once('C:\\xampp\\htdocs...')
#8 {main}
CRITICAL - 2022-06-21 00:23:30 --> Invalid file: user/login.php
#0 C:\xampp\htdocs\Lab11Web\lab11_php_ci\ci4\system\View\View.php(198): CodeIgniter\Exceptions\FrameworkException::forInvalidFile('user/login.php')
#1 C:\xampp\htdocs\Lab11Web\lab11_php_ci\ci4\system\Common.php(1089): CodeIgniter\View\View->render('user/login', Array, true)
#2 C:\xampp\htdocs\Lab11Web\lab11_php_ci\ci4\app\Controllers\user.php(24): view('user/login')
#3 C:\xampp\htdocs\Lab11Web\lab11_php_ci\ci4\system\CodeIgniter.php(832): App\Controllers\User->login()
#4 C:\xampp\htdocs\Lab11Web\lab11_php_ci\ci4\system\CodeIgniter.php(419): CodeIgniter\CodeIgniter->runController(Object(App\Controllers\User))
#5 C:\xampp\htdocs\Lab11Web\lab11_php_ci\ci4\system\CodeIgniter.php(326): CodeIgniter\CodeIgniter->handleRequest(NULL, Object(Config\Cache), false)
#6 C:\xampp\htdocs\Lab11Web\lab11_php_ci\ci4\public\index.php(37): CodeIgniter\CodeIgniter->run()
#7 C:\xampp\htdocs\Lab11Web\lab11_php_ci\ci4\system\Commands\Server\rewrite.php(43): require_once('C:\\xampp\\htdocs...')
#8 {main}
CRITICAL - 2022-06-21 00:26:58 --> Invalid file: user/login.php
#0 C:\xampp\htdocs\Lab11Web\lab11_php_ci\ci4\system\View\View.php(198): CodeIgniter\Exceptions\FrameworkException::forInvalidFile('user/login.php')
#1 C:\xampp\htdocs\Lab11Web\lab11_php_ci\ci4\system\Common.php(1089): CodeIgniter\View\View->render('user/login', Array, true)
#2 C:\xampp\htdocs\Lab11Web\lab11_php_ci\ci4\app\Controllers\user.php(24): view('user/login')
#3 C:\xampp\htdocs\Lab11Web\lab11_php_ci\ci4\system\CodeIgniter.php(832): App\Controllers\User->login()
#4 C:\xampp\htdocs\Lab11Web\lab11_php_ci\ci4\system\CodeIgniter.php(419): CodeIgniter\CodeIgniter->runController(Object(App\Controllers\User))
#5 C:\xampp\htdocs\Lab11Web\lab11_php_ci\ci4\system\CodeIgniter.php(326): CodeIgniter\CodeIgniter->handleRequest(NULL, Object(Config\Cache), false)
#6 C:\xampp\htdocs\Lab11Web\lab11_php_ci\ci4\public\index.php(37): CodeIgniter\CodeIgniter->run()
#7 C:\xampp\htdocs\Lab11Web\lab11_php_ci\ci4\system\Commands\Server\rewrite.php(43): require_once('C:\\xampp\\htdocs...')
#8 {main}
CRITICAL - 2022-06-21 01:28:37 --> syntax error, unexpected 'function' (T_FUNCTION), expecting ')'
#0 C:\xampp\htdocs\Lab11Web\lab11_php_ci\ci4\system\CodeIgniter.php(368): CodeIgniter\CodeIgniter->tryToRouteIt(NULL)
#1 C:\xampp\htdocs\Lab11Web\lab11_php_ci\ci4\system\CodeIgniter.php(326): CodeIgniter\CodeIgniter->handleRequest(NULL, Object(Config\Cache), false)
#2 C:\xampp\htdocs\Lab11Web\lab11_php_ci\ci4\public\index.php(37): CodeIgniter\CodeIgniter->run()
#3 C:\xampp\htdocs\Lab11Web\lab11_php_ci\ci4\system\Commands\Server\rewrite.php(43): require_once('C:\\xampp\\htdocs...')
#4 {main}
CRITICAL - 2022-06-21 01:28:50 --> syntax error, unexpected 'function' (T_FUNCTION), expecting ')'
#0 C:\xampp\htdocs\Lab11Web\lab11_php_ci\ci4\system\CodeIgniter.php(368): CodeIgniter\CodeIgniter->tryToRouteIt(NULL)
#1 C:\xampp\htdocs\Lab11Web\lab11_php_ci\ci4\system\CodeIgniter.php(326): CodeIgniter\CodeIgniter->handleRequest(NULL, Object(Config\Cache), false)
#2 C:\xampp\htdocs\Lab11Web\lab11_php_ci\ci4\public\index.php(37): CodeIgniter\CodeIgniter->run()
#3 C:\xampp\htdocs\Lab11Web\lab11_php_ci\ci4\system\Commands\Server\rewrite.php(43): require_once('C:\\xampp\\htdocs...')
#4 {main}
CRITICAL - 2022-06-21 01:30:11 --> syntax error, unexpected 'function' (T_FUNCTION), expecting ')'
#0 C:\xampp\htdocs\Lab11Web\lab11_php_ci\ci4\system\CodeIgniter.php(368): CodeIgniter\CodeIgniter->tryToRouteIt(NULL)
#1 C:\xampp\htdocs\Lab11Web\lab11_php_ci\ci4\system\CodeIgniter.php(326): CodeIgniter\CodeIgniter->handleRequest(NULL, Object(Config\Cache), false)
#2 C:\xampp\htdocs\Lab11Web\lab11_php_ci\ci4\public\index.php(37): CodeIgniter\CodeIgniter->run()
#3 C:\xampp\htdocs\Lab11Web\lab11_php_ci\ci4\system\Commands\Server\rewrite.php(43): require_once('C:\\xampp\\htdocs...')
#4 {main}
CRITICAL - 2022-06-21 01:30:13 --> syntax error, unexpected 'function' (T_FUNCTION), expecting ')'
#0 C:\xampp\htdocs\Lab11Web\lab11_php_ci\ci4\system\CodeIgniter.php(368): CodeIgniter\CodeIgniter->tryToRouteIt(NULL)
#1 C:\xampp\htdocs\Lab11Web\lab11_php_ci\ci4\system\CodeIgniter.php(326): CodeIgniter\CodeIgniter->handleRequest(NULL, Object(Config\Cache), false)
#2 C:\xampp\htdocs\Lab11Web\lab11_php_ci\ci4\public\index.php(37): CodeIgniter\CodeIgniter->run()
#3 C:\xampp\htdocs\Lab11Web\lab11_php_ci\ci4\system\Commands\Server\rewrite.php(43): require_once('C:\\xampp\\htdocs...')
#4 {main}
CRITICAL - 2022-06-21 01:30:49 --> syntax error, unexpected 'function' (T_FUNCTION), expecting ')'
#0 C:\xampp\htdocs\Lab11Web\lab11_php_ci\ci4\system\CodeIgniter.php(368): CodeIgniter\CodeIgniter->tryToRouteIt(NULL)
#1 C:\xampp\htdocs\Lab11Web\lab11_php_ci\ci4\system\CodeIgniter.php(326): CodeIgniter\CodeIgniter->handleRequest(NULL, Object(Config\Cache), false)
#2 C:\xampp\htdocs\Lab11Web\lab11_php_ci\ci4\public\index.php(37): CodeIgniter\CodeIgniter->run()
#3 C:\xampp\htdocs\Lab11Web\lab11_php_ci\ci4\system\Commands\Server\rewrite.php(43): require_once('C:\\xampp\\htdocs...')
#4 {main}
CRITICAL - 2022-06-21 01:30:52 --> syntax error, unexpected 'function' (T_FUNCTION), expecting ')'
#0 C:\xampp\htdocs\Lab11Web\lab11_php_ci\ci4\system\CodeIgniter.php(368): CodeIgniter\CodeIgniter->tryToRouteIt(NULL)
#1 C:\xampp\htdocs\Lab11Web\lab11_php_ci\ci4\system\CodeIgniter.php(326): CodeIgniter\CodeIgniter->handleRequest(NULL, Object(Config\Cache), false)
#2 C:\xampp\htdocs\Lab11Web\lab11_php_ci\ci4\public\index.php(37): CodeIgniter\CodeIgniter->run()
#3 C:\xampp\htdocs\Lab11Web\lab11_php_ci\ci4\system\Commands\Server\rewrite.php(43): require_once('C:\\xampp\\htdocs...')
#4 {main}
CRITICAL - 2022-06-21 01:30:55 --> syntax error, unexpected 'function' (T_FUNCTION), expecting ')'
#0 C:\xampp\htdocs\Lab11Web\lab11_php_ci\ci4\system\CodeIgniter.php(368): CodeIgniter\CodeIgniter->tryToRouteIt(NULL)
#1 C:\xampp\htdocs\Lab11Web\lab11_php_ci\ci4\system\CodeIgniter.php(326): CodeIgniter\CodeIgniter->handleRequest(NULL, Object(Config\Cache), false)
#2 C:\xampp\htdocs\Lab11Web\lab11_php_ci\ci4\public\index.php(37): CodeIgniter\CodeIgniter->run()
#3 C:\xampp\htdocs\Lab11Web\lab11_php_ci\ci4\system\Commands\Server\rewrite.php(43): require_once('C:\\xampp\\htdocs...')
#4 {main}
CRITICAL - 2022-06-21 01:30:57 --> syntax error, unexpected 'function' (T_FUNCTION), expecting ')'
#0 C:\xampp\htdocs\Lab11Web\lab11_php_ci\ci4\system\CodeIgniter.php(368): CodeIgniter\CodeIgniter->tryToRouteIt(NULL)
#1 C:\xampp\htdocs\Lab11Web\lab11_php_ci\ci4\system\CodeIgniter.php(326): CodeIgniter\CodeIgniter->handleRequest(NULL, Object(Config\Cache), false)
#2 C:\xampp\htdocs\Lab11Web\lab11_php_ci\ci4\public\index.php(37): CodeIgniter\CodeIgniter->run()
#3 C:\xampp\htdocs\Lab11Web\lab11_php_ci\ci4\system\Commands\Server\rewrite.php(43): require_once('C:\\xampp\\htdocs...')
#4 {main}
